Mar 13, 2014 7:44:31 AM org.apache.catalina.core.ApplicationContext log
INFO: Manager: list: Listing contexts for virtual host 'localhost'
Mar 13, 2014 9:07:41 AM org.apache.catalina.core.ApplicationContext log
INFO: Manager: list: Listing contexts for virtual host 'localhost'
Mar 13, 2014 9:13:03 AM org.apache.catalina.core.ApplicationContext log
INFO: Manager: list: Listing contexts for virtual host 'localhost'
Mar 13, 2014 9:14:40 AM org.apache.catalina.core.ApplicationContext log
INFO: Manager: list: Listing contexts for virtual host 'localhost'
Mar 13, 2014 9:14:59 AM org.apache.catalina.core.ApplicationContext log
INFO: Manager: list: Listing contexts for virtual host 'localhost'
Mar 13, 2014 12:29:56 PM org.apache.catalina.core.ApplicationContext log
INFO: Manager: list: Listing contexts for virtual host 'localhost'
Mar 13, 2014 12:29:56 PM org.apache.catalina.core.ApplicationContext log
INFO: Manager: list: Listing contexts for virtual host 'localhost'
Mar 13, 2014 12:31:24 PM org.apache.catalina.core.ApplicationContext log
INFO: Manager: list: Listing contexts for virtual host 'localhost'
Mar 13, 2014 12:57:40 PM org.apache.catalina.core.ApplicationContext log
INFO: Manager: init: Associated with Deployer 'Catalina:type=Deployer,host=localhost'
Mar 13, 2014 12:57:40 PM org.apache.catalina.core.ApplicationContext log
INFO: Manager: init: Global resources are available
Mar 13, 2014 12:57:40 PM org.apache.catalina.core.ApplicationContext log
INFO: Manager: list: Listing contexts for virtual host 'localhost'
Mar 13, 2014 12:57:40 PM org.apache.catalina.core.ApplicationContext log
INFO: Manager: list: Listing contexts for virtual host 'localhost'
Mar 13, 2014 12:57:40 PM org.apache.catalina.core.ApplicationContext log
INFO: Manager: install: Installing context configuration at 'file:/var/folders/1x/zplbjwkn4q187ljm9x5jqk900000gq/T/context1302160761517745190.xml'
Mar 13, 2014 12:57:41 PM org.apache.catalina.core.ApplicationContext log
INFO: Manager: start: Starting web application '/ecblastws'
Mar 13, 2014 1:01:44 PM org.apache.catalina.core.ApplicationContext log
INFO: Manager: list: Listing contexts for virtual host 'localhost'
Mar 13, 2014 1:01:44 PM org.apache.catalina.core.ApplicationContext log
INFO: Manager: list: Listing contexts for virtual host 'localhost'
Mar 13, 2014 1:01:44 PM org.apache.catalina.core.ApplicationContext log
INFO: Manager: restart: Reloading web application '/ecblastws'
Mar 13, 2014 1:01:46 PM org.apache.catalina.core.ApplicationContext log
INFO: Manager: list: Listing contexts for virtual host 'localhost'
Mar 13, 2014 1:01:46 PM org.apache.catalina.core.ApplicationContext log
INFO: Manager: restart: Reloading web application '/ecblastws'
Mar 13, 2014 1:01:51 PM org.apache.catalina.core.ApplicationContext log
INFO: Manager: list: Listing contexts for virtual host 'localhost'
Mar 13, 2014 1:01:51 PM org.apache.catalina.core.ApplicationContext log
INFO: Manager: list: Listing contexts for virtual host 'localhost'
Mar 13, 2014 1:01:51 PM org.apache.catalina.core.ApplicationContext log
INFO: Manager: undeploy: Undeploying web application at '/ecblastws'
Mar 13, 2014 1:01:52 PM org.apache.catalina.core.ApplicationContext log
INFO: Manager: install: Installing context configuration at 'file:/var/folders/1x/zplbjwkn4q187ljm9x5jqk900000gq/T/context6321665860615265263.xml'
Mar 13, 2014 1:01:53 PM org.apache.catalina.core.ApplicationContext log
INFO: Manager: start: Starting web application '/ecblastws'
Mar 13, 2014 1:02:02 PM org.apache.catalina.core.ApplicationContext log
INFO: Manager: list: Listing contexts for virtual host 'localhost'
Mar 13, 2014 1:02:02 PM org.apache.catalina.core.ApplicationContext log
INFO: Manager: undeploy: Undeploying web application at '/ecblastws'
Mar 13, 2014 1:03:12 PM org.apache.catalina.core.ApplicationContext log
INFO: Manager: list: Listing contexts for virtual host 'localhost'
Mar 13, 2014 1:03:18 PM org.apache.catalina.core.ApplicationContext log
INFO: Manager: list: Listing contexts for virtual host 'localhost'
Mar 13, 2014 1:04:04 PM org.apache.catalina.core.ApplicationContext log
INFO: Manager: list: Listing contexts for virtual host 'localhost'
Mar 13, 2014 1:04:11 PM org.apache.catalina.core.ApplicationContext log
INFO: Manager: list: Listing contexts for virtual host 'localhost'
Mar 13, 2014 1:04:16 PM org.apache.catalina.core.ApplicationContext log
INFO: Manager: list: Listing contexts for virtual host 'localhost'
Mar 13, 2014 1:04:23 PM org.apache.catalina.core.ApplicationContext log
INFO: Manager: list: Listing contexts for virtual host 'localhost'
Mar 13, 2014 1:04:23 PM org.apache.catalina.core.ApplicationContext log
INFO: Manager: list: Listing contexts for virtual host 'localhost'
Mar 13, 2014 1:04:23 PM org.apache.catalina.core.ApplicationContext log
INFO: Manager: install: Installing context configuration at 'file:/var/folders/1x/zplbjwkn4q187ljm9x5jqk900000gq/T/context673974963881460269.xml'
Mar 13, 2014 1:04:24 PM org.apache.catalina.core.ApplicationContext log
INFO: Manager: start: Starting web application '/ecblastws'
Mar 13, 2014 1:05:51 PM org.apache.catalina.core.ApplicationContext log
INFO: Manager: list: Listing contexts for virtual host 'localhost'
Mar 13, 2014 1:05:51 PM org.apache.catalina.core.ApplicationContext log
INFO: Manager: restart: Reloading web application '/ecblastws'
Mar 13, 2014 1:05:53 PM org.apache.catalina.core.ApplicationContext log
INFO: Manager: list: Listing contexts for virtual host 'localhost'
Mar 13, 2014 1:05:53 PM org.apache.catalina.core.ApplicationContext log
INFO: Manager: restart: Reloading web application '/ecblastws'
Mar 13, 2014 1:05:57 PM org.apache.catalina.core.ApplicationContext log
INFO: Manager: list: Listing contexts for virtual host 'localhost'
Mar 13, 2014 1:05:57 PM org.apache.catalina.core.ApplicationContext log
INFO: Manager: list: Listing contexts for virtual host 'localhost'
Mar 13, 2014 1:05:57 PM org.apache.catalina.core.ApplicationContext log
INFO: Manager: undeploy: Undeploying web application at '/ecblastws'
Mar 13, 2014 1:05:58 PM org.apache.catalina.core.ApplicationContext log
INFO: Manager: install: Installing context configuration at 'file:/var/folders/1x/zplbjwkn4q187ljm9x5jqk900000gq/T/context4358069071421000143.xml'
Mar 13, 2014 1:05:58 PM org.apache.catalina.core.ApplicationContext log
INFO: Manager: start: Starting web application '/ecblastws'
Mar 13, 2014 1:09:08 PM org.apache.catalina.core.ApplicationContext log
INFO: Manager: list: Listing contexts for virtual host 'localhost'
Mar 13, 2014 1:09:08 PM org.apache.catalina.core.ApplicationContext log
INFO: Manager: restart: Reloading web application '/ecblastws'
Mar 13, 2014 1:09:09 PM org.apache.catalina.core.ApplicationContext log
INFO: Manager: list: Listing contexts for virtual host 'localhost'
Mar 13, 2014 1:09:09 PM org.apache.catalina.core.ApplicationContext log
INFO: Manager: restart: Reloading web application '/ecblastws'
Mar 13, 2014 1:09:14 PM org.apache.catalina.core.ApplicationContext log
INFO: Manager: list: Listing contexts for virtual host 'localhost'
Mar 13, 2014 1:09:14 PM org.apache.catalina.core.ApplicationContext log
INFO: Manager: list: Listing contexts for virtual host 'localhost'
Mar 13, 2014 1:09:14 PM org.apache.catalina.core.ApplicationContext log
INFO: Manager: undeploy: Undeploying web application at '/ecblastws'
Mar 13, 2014 1:09:15 PM org.apache.catalina.core.ApplicationContext log
INFO: Manager: install: Installing context configuration at 'file:/var/folders/1x/zplbjwkn4q187ljm9x5jqk900000gq/T/context5567816644913406791.xml'
Mar 13, 2014 1:09:16 PM org.apache.catalina.core.ApplicationContext log
INFO: Manager: start: Starting web application '/ecblastws'
Mar 13, 2014 1:10:17 PM org.apache.catalina.core.ApplicationContext log
INFO: Manager: init: Associated with Deployer 'Catalina:type=Deployer,host=localhost'
Mar 13, 2014 1:10:17 PM org.apache.catalina.core.ApplicationContext log
INFO: Manager: init: Global resources are available
Mar 13, 2014 1:10:17 PM org.apache.catalina.core.ApplicationContext log
INFO: Manager: list: Listing contexts for virtual host 'localhost'
Mar 13, 2014 1:10:17 PM org.apache.catalina.core.ApplicationContext log
INFO: Manager: list: Listing contexts for virtual host 'localhost'
Mar 13, 2014 1:10:17 PM org.apache.catalina.core.ApplicationContext log
INFO: Manager: undeploy: Undeploying web application at '/ecblastws'
Mar 13, 2014 1:10:18 PM org.apache.catalina.core.ApplicationContext log
INFO: Manager: install: Installing context configuration at 'file:/var/folders/1x/zplbjwkn4q187ljm9x5jqk900000gq/T/context15853368281669292.xml'
Mar 13, 2014 1:10:19 PM org.apache.catalina.core.ApplicationContext log
INFO: Manager: start: Starting web application '/ecblastws'
Mar 13, 2014 1:11:36 PM org.apache.catalina.core.ApplicationContext log
INFO: Manager: list: Listing contexts for virtual host 'localhost'
Mar 13, 2014 1:11:37 PM org.apache.catalina.core.ApplicationContext log
INFO: Manager: list: Listing contexts for virtual host 'localhost'
Mar 13, 2014 1:11:37 PM org.apache.catalina.core.ApplicationContext log
INFO: Manager: restart: Reloading web application '/ecblastws'
Mar 13, 2014 1:11:54 PM org.apache.catalina.core.ApplicationContext log
INFO: Manager: list: Listing contexts for virtual host 'localhost'
Mar 13, 2014 1:11:54 PM org.apache.catalina.core.ApplicationContext log
INFO: Manager: undeploy: Undeploying web application at '/ecblastws'
Mar 13, 2014 1:12:14 PM org.apache.catalina.core.ApplicationContext log
INFO: Manager: list: Listing contexts for virtual host 'localhost'
Mar 13, 2014 1:12:14 PM org.apache.catalina.core.ApplicationContext log
INFO: Manager: list: Listing contexts for virtual host 'localhost'
Mar 13, 2014 1:12:14 PM org.apache.catalina.core.ApplicationContext log
INFO: Manager: install: Installing context configuration at 'file:/var/folders/1x/zplbjwkn4q187ljm9x5jqk900000gq/T/context7469412365765659373.xml'
Mar 13, 2014 1:12:15 PM org.apache.catalina.core.ApplicationContext log
INFO: Manager: start: Starting web application '/ecblastws'
Mar 13, 2014 1:15:18 PM org.apache.catalina.core.ApplicationContext log
INFO: Manager: list: Listing contexts for virtual host 'localhost'
Mar 13, 2014 1:15:18 PM org.apache.catalina.core.ApplicationContext log
INFO: Manager: restart: Reloading web application '/ecblastws'
Mar 13, 2014 1:16:11 PM org.apache.catalina.core.ApplicationContext log
INFO: Manager: list: Listing contexts for virtual host 'localhost'
Mar 13, 2014 1:16:11 PM org.apache.catalina.core.ApplicationContext log
INFO: Manager: restart: Reloading web application '/ecblastws'
Mar 13, 2014 1:16:13 PM org.apache.catalina.core.ApplicationContext log
INFO: Manager: list: Listing contexts for virtual host 'localhost'
Mar 13, 2014 1:16:13 PM org.apache.catalina.core.ApplicationContext log
INFO: Manager: restart: Reloading web application '/ecblastws'
Mar 13, 2014 1:16:17 PM org.apache.catalina.core.ApplicationContext log
INFO: Manager: list: Listing contexts for virtual host 'localhost'
Mar 13, 2014 1:16:17 PM org.apache.catalina.core.ApplicationContext log
INFO: Manager: list: Listing contexts for virtual host 'localhost'
Mar 13, 2014 1:16:17 PM org.apache.catalina.core.ApplicationContext log
INFO: Manager: undeploy: Undeploying web application at '/ecblastws'
Mar 13, 2014 1:16:18 PM org.apache.catalina.core.ApplicationContext log
INFO: Manager: install: Installing context configuration at 'file:/var/folders/1x/zplbjwkn4q187ljm9x5jqk900000gq/T/context6833716397835890246.xml'
Mar 13, 2014 1:16:19 PM org.apache.catalina.core.ApplicationContext log
INFO: Manager: start: Starting web application '/ecblastws'
Mar 13, 2014 1:16:46 PM org.apache.catalina.core.ApplicationContext log
INFO: Manager: list: Listing contexts for virtual host 'localhost'
Mar 13, 2014 1:16:46 PM org.apache.catalina.core.ApplicationContext log
INFO: Manager: stop: Stopping web application '/ecblastws'
Mar 13, 2014 1:16:48 PM org.apache.catalina.core.ApplicationContext log
INFO: Manager: start: Starting web application '/ecblastws'
Mar 13, 2014 1:16:50 PM org.apache.catalina.core.ApplicationContext log
INFO: Manager: list: Listing contexts for virtual host 'localhost'
Mar 13, 2014 1:16:50 PM org.apache.catalina.core.ApplicationContext log
INFO: Manager: stop: Stopping web application '/ecblastws'
Mar 13, 2014 1:16:51 PM org.apache.catalina.core.ApplicationContext log
INFO: Manager: start: Starting web application '/ecblastws'
Mar 13, 2014 1:16:54 PM org.apache.catalina.core.ApplicationContext log
INFO: Manager: list: Listing contexts for virtual host 'localhost'
Mar 13, 2014 1:16:54 PM org.apache.catalina.core.ApplicationContext log
INFO: Manager: list: Listing contexts for virtual host 'localhost'
Mar 13, 2014 1:16:54 PM org.apache.catalina.core.ApplicationContext log
INFO: Manager: undeploy: Undeploying web application at '/ecblastws'
Mar 13, 2014 1:16:55 PM org.apache.catalina.core.ApplicationContext log
INFO: Manager: install: Installing context configuration at 'file:/var/folders/1x/zplbjwkn4q187ljm9x5jqk900000gq/T/context12287134194942566.xml'
Mar 13, 2014 1:16:55 PM org.apache.catalina.core.ApplicationContext log
INFO: Manager: start: Starting web application '/ecblastws'
Mar 13, 2014 1:17:28 PM org.apache.catalina.core.ApplicationContext log
INFO: Manager: list: Listing contexts for virtual host 'localhost'
Mar 13, 2014 1:17:30 PM org.apache.catalina.core.ApplicationContext log
INFO: Manager: list: Listing contexts for virtual host 'localhost'
Mar 13, 2014 1:17:30 PM org.apache.catalina.core.ApplicationContext log
INFO: Manager: stop: Stopping web application '/ecblastws'
Mar 13, 2014 1:17:31 PM org.apache.catalina.core.ApplicationContext log
INFO: Manager: start: Starting web application '/ecblastws'
Mar 13, 2014 1:17:44 PM org.apache.catalina.core.ApplicationContext log
INFO: Manager: list: Listing contexts for virtual host 'localhost'
Mar 13, 2014 1:17:46 PM org.apache.catalina.core.ApplicationContext log
INFO: Manager: list: Listing contexts for virtual host 'localhost'
Mar 13, 2014 1:17:46 PM org.apache.catalina.core.ApplicationContext log
INFO: Manager: undeploy: Undeploying web application at '/ecblastws'
Mar 13, 2014 1:17:47 PM org.apache.catalina.core.ApplicationContext log
INFO: Manager: install: Installing context configuration at 'file:/var/folders/1x/zplbjwkn4q187ljm9x5jqk900000gq/T/context7673868199056274666.xml'
Mar 13, 2014 1:17:54 PM org.apache.catalina.core.ApplicationContext log
INFO: Manager: list: Listing contexts for virtual host 'localhost'
Mar 13, 2014 1:17:54 PM org.apache.catalina.core.ApplicationContext log
INFO: Manager: undeploy: Undeploying web application at '/ecblastws'
Mar 13, 2014 1:18:00 PM org.apache.catalina.core.ApplicationContext log
INFO: Manager: list: Listing contexts for virtual host 'localhost'
Mar 13, 2014 1:18:00 PM org.apache.catalina.core.ApplicationContext log
INFO: Manager: list: Listing contexts for virtual host 'localhost'
Mar 13, 2014 1:18:00 PM org.apache.catalina.core.ApplicationContext log
INFO: Manager: install: Installing context configuration at 'file:/var/folders/1x/zplbjwkn4q187ljm9x5jqk900000gq/T/context3562967077341794704.xml'
Mar 13, 2014 1:18:01 PM org.apache.catalina.core.ApplicationContext log
INFO: Manager: start: Starting web application '/rblws'
Mar 13, 2014 1:18:52 PM org.apache.catalina.core.ApplicationContext log
INFO: Manager: list: Listing contexts for virtual host 'localhost'
Mar 13, 2014 1:18:52 PM org.apache.catalina.core.ApplicationContext log
INFO: Manager: list: Listing contexts for virtual host 'localhost'
Mar 13, 2014 1:18:52 PM org.apache.catalina.core.ApplicationContext log
INFO: Manager: undeploy: Undeploying web application at '/rblws'
Mar 13, 2014 1:18:53 PM org.apache.catalina.core.ApplicationContext log
INFO: Manager: install: Installing context configuration at 'file:/var/folders/1x/zplbjwkn4q187ljm9x5jqk900000gq/T/context5995037134883722965.xml'
Mar 13, 2014 1:22:55 PM org.apache.catalina.core.ApplicationContext log
INFO: Manager: list: Listing contexts for virtual host 'localhost'
Mar 13, 2014 1:22:55 PM org.apache.catalina.core.ApplicationContext log
INFO: Manager: restart: Reloading web application '/rblws'
Mar 13, 2014 1:22:57 PM org.apache.catalina.core.ApplicationContext log
INFO: Manager: list: Listing contexts for virtual host 'localhost'
Mar 13, 2014 1:22:57 PM org.apache.catalina.core.ApplicationContext log
INFO: Manager: restart: Reloading web application '/rblws'
Mar 13, 2014 1:23:00 PM org.apache.catalina.core.ApplicationContext log
INFO: Manager: list: Listing contexts for virtual host 'localhost'
Mar 13, 2014 1:23:00 PM org.apache.catalina.core.ApplicationContext log
INFO: Manager: list: Listing contexts for virtual host 'localhost'
Mar 13, 2014 1:23:00 PM org.apache.catalina.core.ApplicationContext log
INFO: Manager: restart: Reloading web application '/rblws'
Mar 13, 2014 1:24:03 PM org.apache.catalina.core.ApplicationContext log
INFO: Manager: list: Listing contexts for virtual host 'localhost'
Mar 13, 2014 1:24:03 PM org.apache.catalina.core.ApplicationContext log
INFO: Manager: list: Listing contexts for virtual host 'localhost'
Mar 13, 2014 1:24:09 PM org.apache.catalina.core.ApplicationContext log
INFO: Manager: list: Listing contexts for virtual host 'localhost'
Mar 13, 2014 1:24:09 PM org.apache.catalina.core.ApplicationContext log
INFO: Manager: undeploy: Undeploying web application at '/rblws'
Mar 13, 2014 1:24:45 PM org.apache.catalina.core.ApplicationContext log
INFO: Manager: list: Listing contexts for virtual host 'localhost'
Mar 13, 2014 1:25:10 PM org.apache.catalina.core.ApplicationContext log
INFO: Manager: list: Listing contexts for virtual host 'localhost'
Mar 13, 2014 1:25:14 PM org.apache.catalina.core.ApplicationContext log
INFO: Manager: list: Listing contexts for virtual host 'localhost'
Mar 13, 2014 1:25:14 PM org.apache.catalina.core.ApplicationContext log
INFO: Manager: list: Listing contexts for virtual host 'localhost'
Mar 13, 2014 1:25:14 PM org.apache.catalina.core.ApplicationContext log
INFO: Manager: install: Installing context configuration at 'file:/var/folders/1x/zplbjwkn4q187ljm9x5jqk900000gq/T/context3786109866907900721.xml'
Mar 13, 2014 1:25:15 PM org.apache.catalina.core.ApplicationContext log
INFO: Manager: start: Starting web application '/rblws'
Mar 13, 2014 1:25:53 PM org.apache.catalina.core.ApplicationContext log
INFO: Manager: init: Associated with Deployer 'Catalina:type=Deployer,host=localhost'
Mar 13, 2014 1:25:53 PM org.apache.catalina.core.ApplicationContext log
INFO: Manager: init: Global resources are available
Mar 13, 2014 1:25:53 PM org.apache.catalina.core.ApplicationContext log
INFO: Manager: list: Listing contexts for virtual host 'localhost'
Mar 13, 2014 1:25:53 PM org.apache.catalina.core.ApplicationContext log
INFO: Manager: list: Listing contexts for virtual host 'localhost'
Mar 13, 2014 1:26:56 PM org.apache.catalina.core.ApplicationContext log
INFO: Manager: list: Listing contexts for virtual host 'localhost'
Mar 13, 2014 1:26:56 PM org.apache.catalina.core.ApplicationContext log
INFO: Manager: list: Listing contexts for virtual host 'localhost'
Mar 13, 2014 1:26:56 PM org.apache.catalina.core.ApplicationContext log
INFO: Manager: restart: Reloading web application '/rblws'
Mar 13, 2014 1:26:59 PM org.apache.catalina.core.ApplicationContext log
INFO: Manager: list: Listing contexts for virtual host 'localhost'
Mar 13, 2014 1:26:59 PM org.apache.catalina.core.ApplicationContext log
INFO: Manager: list: Listing contexts for virtual host 'localhost'
Mar 13, 2014 1:26:59 PM org.apache.catalina.core.ApplicationContext log
INFO: Manager: restart: Reloading web application '/rblws'
Mar 13, 2014 1:27:47 PM org.apache.catalina.core.ApplicationContext log
INFO: Manager: list: Listing contexts for virtual host 'localhost'
Mar 13, 2014 1:27:47 PM org.apache.catalina.core.ApplicationContext log
INFO: Manager: undeploy: Undeploying web application at '/rblws'
Mar 13, 2014 1:28:06 PM org.apache.catalina.core.ApplicationContext log
INFO: Manager: list: Listing contexts for virtual host 'localhost'
Mar 13, 2014 1:28:11 PM org.apache.catalina.core.ApplicationContext log
INFO: Manager: list: Listing contexts for virtual host 'localhost'
Mar 13, 2014 1:28:11 PM org.apache.catalina.core.ApplicationContext log
INFO: Manager: list: Listing contexts for virtual host 'localhost'
Mar 13, 2014 1:28:11 PM org.apache.catalina.core.ApplicationContext log
INFO: Manager: install: Installing context configuration at 'file:/var/folders/1x/zplbjwkn4q187ljm9x5jqk900000gq/T/context8162076655550756486.xml'
Mar 13, 2014 1:28:12 PM org.apache.catalina.core.ApplicationContext log
INFO: Manager: start: Starting web application '/rblws'
Mar 13, 2014 1:29:13 PM org.apache.catalina.core.ApplicationContext log
INFO: Manager: list: Listing contexts for virtual host 'localhost'
Mar 13, 2014 1:29:13 PM org.apache.catalina.core.ApplicationContext log
INFO: Manager: list: Listing contexts for virtual host 'localhost'
Mar 13, 2014 1:29:13 PM org.apache.catalina.core.ApplicationContext log
INFO: Manager: restart: Reloading web application '/rblws'
Mar 13, 2014 1:29:16 PM org.apache.catalina.core.ApplicationContext log
INFO: Manager: list: Listing contexts for virtual host 'localhost'
Mar 13, 2014 1:29:16 PM org.apache.catalina.core.ApplicationContext log
INFO: Manager: list: Listing contexts for virtual host 'localhost'
Mar 13, 2014 1:29:16 PM org.apache.catalina.core.ApplicationContext log
INFO: Manager: restart: Reloading web application '/rblws'
Mar 13, 2014 1:29:43 PM org.apache.catalina.core.ApplicationContext log
INFO: Manager: list: Listing contexts for virtual host 'localhost'
Mar 13, 2014 1:29:43 PM org.apache.catalina.core.ApplicationContext log
INFO: Manager: restart: Reloading web application '/rblws'
Mar 13, 2014 1:29:44 PM org.apache.catalina.core.ApplicationContext log
INFO: Manager: list: Listing contexts for virtual host 'localhost'
Mar 13, 2014 1:29:44 PM org.apache.catalina.core.ApplicationContext log
INFO: Manager: restart: Reloading web application '/rblws'
Mar 13, 2014 1:29:47 PM org.apache.catalina.core.ApplicationContext log
INFO: Manager: list: Listing contexts for virtual host 'localhost'
Mar 13, 2014 1:29:47 PM org.apache.catalina.core.ApplicationContext log
INFO: Manager: list: Listing contexts for virtual host 'localhost'
Mar 13, 2014 1:29:47 PM org.apache.catalina.core.ApplicationContext log
INFO: Manager: restart: Reloading web application '/rblws'
Mar 13, 2014 1:30:35 PM org.apache.catalina.core.ApplicationContext log
INFO: Manager: list: Listing contexts for virtual host 'localhost'
Mar 13, 2014 1:30:35 PM org.apache.catalina.core.ApplicationContext log
INFO: Manager: list: Listing contexts for virtual host 'localhost'
Mar 13, 2014 1:30:35 PM org.apache.catalina.core.ApplicationContext log
INFO: Manager: list: Listing contexts for virtual host 'localhost'
Mar 13, 2014 1:30:35 PM org.apache.catalina.core.ApplicationContext log
INFO: Manager: restart: Reloading web application '/rblws'
Mar 13, 2014 1:31:00 PM org.apache.catalina.core.ApplicationContext log
INFO: Manager: list: Listing contexts for virtual host 'localhost'
Mar 13, 2014 1:31:00 PM org.apache.catalina.core.ApplicationContext log
INFO: Manager: restart: Reloading web application '/rblws'
Mar 13, 2014 1:31:01 PM org.apache.catalina.core.ApplicationContext log
INFO: Manager: list: Listing contexts for virtual host 'localhost'
Mar 13, 2014 1:31:01 PM org.apache.catalina.core.ApplicationContext log
INFO: Manager: restart: Reloading web application '/rblws'
Mar 13, 2014 1:31:05 PM org.apache.catalina.core.ApplicationContext log
INFO: Manager: list: Listing contexts for virtual host 'localhost'
Mar 13, 2014 1:31:05 PM org.apache.catalina.core.ApplicationContext log
INFO: Manager: undeploy: Undeploying web application at '/rblws'
Mar 13, 2014 1:31:51 PM org.apache.catalina.core.ApplicationContext log
INFO: Manager: list: Listing contexts for virtual host 'localhost'
Mar 13, 2014 1:31:56 PM org.apache.catalina.core.ApplicationContext log
INFO: Manager: list: Listing contexts for virtual host 'localhost'
Mar 13, 2014 1:31:56 PM org.apache.catalina.core.ApplicationContext log
INFO: Manager: list: Listing contexts for virtual host 'localhost'
Mar 13, 2014 1:31:56 PM org.apache.catalina.core.ApplicationContext log
INFO: Manager: install: Installing context configuration at 'file:/var/folders/1x/zplbjwkn4q187ljm9x5jqk900000gq/T/context682399842891788227.xml'
Mar 13, 2014 1:31:57 PM org.apache.catalina.core.ApplicationContext log
INFO: Manager: start: Starting web application '/rblws'
Mar 13, 2014 1:32:18 PM org.apache.catalina.core.ApplicationContext log
INFO: Manager: list: Listing contexts for virtual host 'localhost'
Mar 13, 2014 1:32:18 PM org.apache.catalina.core.ApplicationContext log
INFO: Manager: stop: Stopping web application '/rblws'
Mar 13, 2014 1:32:18 PM org.apache.catalina.core.ApplicationContext log
INFO: Manager: start: Starting web application '/rblws'
Mar 13, 2014 1:32:20 PM org.apache.catalina.core.ApplicationContext log
INFO: Manager: list: Listing contexts for virtual host 'localhost'
Mar 13, 2014 1:32:20 PM org.apache.catalina.core.ApplicationContext log
INFO: Manager: list: Listing contexts for virtual host 'localhost'
Mar 13, 2014 1:32:20 PM org.apache.catalina.core.ApplicationContext log
INFO: Manager: stop: Stopping web application '/rblws'
Mar 13, 2014 1:32:21 PM org.apache.catalina.core.ApplicationContext log
INFO: Manager: start: Starting web application '/rblws'
Mar 13, 2014 1:32:30 PM org.apache.catalina.core.ApplicationContext log
INFO: Manager: list: Listing contexts for virtual host 'localhost'
Mar 13, 2014 1:32:31 PM org.apache.catalina.core.ApplicationContext log
INFO: Manager: stop: Stopping web application '/rblws'
Mar 13, 2014 1:32:31 PM org.apache.catalina.core.ApplicationContext log
INFO: Manager: start: Starting web application '/rblws'
Mar 13, 2014 1:32:33 PM org.apache.catalina.core.ApplicationContext log
INFO: Manager: list: Listing contexts for virtual host 'localhost'
Mar 13, 2014 1:32:33 PM org.apache.catalina.core.ApplicationContext log
INFO: Manager: list: Listing contexts for virtual host 'localhost'
Mar 13, 2014 1:32:33 PM org.apache.catalina.core.ApplicationContext log
INFO: Manager: stop: Stopping web application '/rblws'
Mar 13, 2014 1:32:34 PM org.apache.catalina.core.ApplicationContext log
INFO: Manager: start: Starting web application '/rblws'
Mar 13, 2014 1:32:46 PM org.apache.catalina.core.ApplicationContext log
INFO: Manager: list: Listing contexts for virtual host 'localhost'
Mar 13, 2014 1:32:46 PM org.apache.catalina.core.ApplicationContext log
INFO: Manager: undeploy: Undeploying web application at '/rblws'
Mar 13, 2014 1:34:07 PM org.apache.catalina.core.ApplicationContext log
INFO: Manager: list: Listing contexts for virtual host 'localhost'
Mar 13, 2014 1:34:18 PM org.apache.catalina.core.ApplicationContext log
INFO: Manager: list: Listing contexts for virtual host 'localhost'
Mar 13, 2014 1:36:31 PM org.apache.catalina.core.ApplicationContext log
INFO: Manager: list: Listing contexts for virtual host 'localhost'
Mar 13, 2014 1:36:33 PM org.apache.catalina.core.ApplicationContext log
INFO: Manager: list: Listing contexts for virtual host 'localhost'
Mar 13, 2014 1:36:51 PM org.apache.catalina.core.ApplicationContext log
INFO: Manager: list: Listing contexts for virtual host 'localhost'
Mar 13, 2014 1:36:53 PM org.apache.catalina.core.ApplicationContext log
INFO: Manager: list: Listing contexts for virtual host 'localhost'
Mar 13, 2014 1:36:57 PM org.apache.catalina.core.ApplicationContext log
INFO: Manager: list: Listing contexts for virtual host 'localhost'
Mar 13, 2014 1:36:57 PM org.apache.catalina.core.ApplicationContext log
INFO: Manager: list: Listing contexts for virtual host 'localhost'
Mar 13, 2014 1:36:57 PM org.apache.catalina.core.ApplicationContext log
INFO: Manager: install: Installing context configuration at 'file:/var/folders/1x/zplbjwkn4q187ljm9x5jqk900000gq/T/context3818890037927292344.xml'
Mar 13, 2014 1:36:58 PM org.apache.catalina.core.ApplicationContext log
INFO: Manager: start: Starting web application '/ecblastws'
Mar 13, 2014 1:48:25 PM org.apache.catalina.core.ApplicationContext log
INFO: Manager: init: Associated with Deployer 'Catalina:type=Deployer,host=localhost'
Mar 13, 2014 1:48:25 PM org.apache.catalina.core.ApplicationContext log
INFO: Manager: init: Global resources are available
Mar 13, 2014 1:48:25 PM org.apache.catalina.core.ApplicationContext log
INFO: Manager: list: Listing contexts for virtual host 'localhost'
Mar 13, 2014 1:48:25 PM org.apache.catalina.core.ApplicationContext log
INFO: Manager: list: Listing contexts for virtual host 'localhost'
Mar 13, 2014 1:48:25 PM org.apache.catalina.core.ApplicationContext log
INFO: Manager: undeploy: Undeploying web application at '/ecblastws'
Mar 13, 2014 1:48:26 PM org.apache.catalina.core.ApplicationContext log
INFO: Manager: install: Installing context configuration at 'file:/var/folders/1x/zplbjwkn4q187ljm9x5jqk900000gq/T/context468922825834982692.xml'
Mar 13, 2014 1:48:27 PM org.apache.catalina.core.ApplicationContext log
INFO: Manager: start: Starting web application '/ecblastws'
Mar 13, 2014 1:56:07 PM org.apache.catalina.core.ApplicationContext log
INFO: Manager: list: Listing contexts for virtual host 'localhost'
Mar 13, 2014 1:56:07 PM org.apache.catalina.core.ApplicationContext log
INFO: Manager: undeploy: Undeploying web application at '/ecblastws'
Mar 13, 2014 1:56:30 PM org.apache.catalina.core.ApplicationContext log
INFO: Manager: list: Listing contexts for virtual host 'localhost'
Mar 13, 2014 1:57:21 PM org.apache.catalina.core.ApplicationContext log
INFO: Manager: list: Listing contexts for virtual host 'localhost'
Mar 13, 2014 1:57:24 PM org.apache.catalina.core.ApplicationContext log
INFO: Manager: list: Listing contexts for virtual host 'localhost'
Mar 13, 2014 1:57:24 PM org.apache.catalina.core.ApplicationContext log
INFO: Manager: list: Listing contexts for virtual host 'localhost'
Mar 13, 2014 1:57:24 PM org.apache.catalina.core.ApplicationContext log
INFO: Manager: install: Installing context configuration at 'file:/var/folders/1x/zplbjwkn4q187ljm9x5jqk900000gq/T/context2322137286775790719.xml'
Mar 13, 2014 1:57:25 PM org.apache.catalina.core.ApplicationContext log
INFO: Manager: start: Starting web application '/rbl3'
Mar 13, 2014 2:03:00 PM org.apache.catalina.core.ApplicationContext log
INFO: Manager: list: Listing contexts for virtual host 'localhost'
Mar 13, 2014 2:03:00 PM org.apache.catalina.core.ApplicationContext log
INFO: Manager: list: Listing contexts for virtual host 'localhost'
Mar 13, 2014 2:03:04 PM org.apache.catalina.core.ApplicationContext log
INFO: Manager: list: Listing contexts for virtual host 'localhost'
Mar 13, 2014 2:03:44 PM org.apache.catalina.core.ApplicationContext log
INFO: Manager: list: Listing contexts for virtual host 'localhost'
Mar 13, 2014 2:03:44 PM org.apache.catalina.core.ApplicationContext log
INFO: Manager: list: Listing contexts for virtual host 'localhost'
Mar 13, 2014 2:03:48 PM org.apache.catalina.core.ApplicationContext log
INFO: Manager: list: Listing contexts for virtual host 'localhost'
Mar 13, 2014 2:04:34 PM org.apache.catalina.core.ApplicationContext log
INFO: Manager: list: Listing contexts for virtual host 'localhost'
Mar 13, 2014 2:04:39 PM org.apache.catalina.core.ApplicationContext log
INFO: Manager: list: Listing contexts for virtual host 'localhost'
Mar 13, 2014 2:04:50 PM org.apache.catalina.core.ApplicationContext log
INFO: Manager: list: Listing contexts for virtual host 'localhost'
Mar 13, 2014 2:12:42 PM org.apache.catalina.core.ApplicationContext log
INFO: Manager: list: Listing contexts for virtual host 'localhost'
Mar 13, 2014 2:13:05 PM org.apache.catalina.core.ApplicationContext log
INFO: Manager: list: Listing contexts for virtual host 'localhost'
Mar 13, 2014 2:13:18 PM org.apache.catalina.core.ApplicationContext log
INFO: Manager: list: Listing contexts for virtual host 'localhost'
Mar 13, 2014 2:13:18 PM org.apache.catalina.core.ApplicationContext log
INFO: Manager: list: Listing contexts for virtual host 'localhost'
Mar 13, 2014 2:13:18 PM org.apache.catalina.core.ApplicationContext log
INFO: Manager: undeploy: Undeploying web application at '/rbl3'
Mar 13, 2014 2:13:19 PM org.apache.catalina.core.ApplicationContext log
INFO: Manager: install: Installing context configuration at 'file:/var/folders/1x/zplbjwkn4q187ljm9x5jqk900000gq/T/context2375507755839332793.xml'
Mar 13, 2014 2:13:21 PM org.apache.catalina.core.ApplicationContext log
INFO: Manager: start: Starting web application '/rbl3'
Mar 13, 2014 2:13:45 PM org.apache.catalina.core.ApplicationContext log
INFO: Manager: list: Listing contexts for virtual host 'localhost'
Mar 13, 2014 2:13:45 PM org.apache.catalina.core.ApplicationContext log
INFO: Manager: undeploy: Undeploying web application at '/rbl3'
Mar 13, 2014 2:13:46 PM org.apache.catalina.core.ApplicationContext log
INFO: Manager: install: Installing context configuration at 'file:/var/folders/1x/zplbjwkn4q187ljm9x5jqk900000gq/T/context5858017616742181180.xml'
Mar 13, 2014 2:13:47 PM org.apache.catalina.core.ApplicationContext log
INFO: Manager: list: Listing contexts for virtual host 'localhost'
Mar 13, 2014 2:13:47 PM org.apache.catalina.core.ApplicationContext log
INFO: Manager: undeploy: Undeploying web application at '/rbl3'
Mar 13, 2014 2:13:52 PM org.apache.catalina.core.ApplicationContext log
INFO: Manager: list: Listing contexts for virtual host 'localhost'
Mar 13, 2014 2:13:52 PM org.apache.catalina.core.ApplicationContext log
INFO: Manager: list: Listing contexts for virtual host 'localhost'
Mar 13, 2014 2:13:52 PM org.apache.catalina.core.ApplicationContext log
INFO: Manager: install: Installing context configuration at 'file:/var/folders/1x/zplbjwkn4q187ljm9x5jqk900000gq/T/context5728855882873885183.xml'
Mar 13, 2014 2:13:54 PM org.apache.catalina.core.ApplicationContext log
INFO: Manager: start: Starting web application '/rbl3'
Mar 13, 2014 2:17:27 PM org.apache.catalina.core.ApplicationContext log
INFO: Manager: list: Listing contexts for virtual host 'localhost'
Mar 13, 2014 2:17:27 PM org.apache.catalina.core.ApplicationContext log
INFO: Manager: stop: Stopping web application '/rbl3'
Mar 13, 2014 2:17:27 PM org.apache.catalina.core.ApplicationContext log
INFO: Manager: start: Starting web application '/rbl3'
Mar 13, 2014 2:18:03 PM org.apache.catalina.core.ApplicationContext log
INFO: Manager: list: Listing contexts for virtual host 'localhost'
Mar 13, 2014 2:18:03 PM org.apache.catalina.core.ApplicationContext log
INFO: Manager: list: Listing contexts for virtual host 'localhost'
Mar 13, 2014 2:18:03 PM org.apache.catalina.core.ApplicationContext log
INFO: Manager: undeploy: Undeploying web application at '/rbl3'
Mar 13, 2014 2:18:04 PM org.apache.catalina.core.ApplicationContext log
INFO: Manager: install: Installing context configuration at 'file:/var/folders/1x/zplbjwkn4q187ljm9x5jqk900000gq/T/context5993212849404821515.xml'
Mar 13, 2014 2:18:05 PM org.apache.catalina.core.ApplicationContext log
INFO: Manager: start: Starting web application '/rbl3'
Mar 13, 2014 2:18:51 PM org.apache.catalina.core.ApplicationContext log
INFO: Manager: list: Listing contexts for virtual host 'localhost'
Mar 13, 2014 2:18:51 PM org.apache.catalina.core.ApplicationContext log
INFO: Manager: undeploy: Undeploying web application at '/rbl3'
Mar 13, 2014 2:20:18 PM org.apache.catalina.core.ApplicationContext log
INFO: Manager: list: Listing contexts for virtual host 'localhost'
Mar 13, 2014 2:20:39 PM org.apache.catalina.core.ApplicationContext log
INFO: Manager: list: Listing contexts for virtual host 'localhost'
Mar 13, 2014 2:21:03 PM org.apache.catalina.core.ApplicationContext log
INFO: Manager: list: Listing contexts for virtual host 'localhost'
Mar 13, 2014 2:23:42 PM org.apache.catalina.core.ApplicationContext log
INFO: Manager: list: Listing contexts for virtual host 'localhost'
Mar 13, 2014 2:23:42 PM org.apache.catalina.core.ApplicationContext log
INFO: Manager: list: Listing contexts for virtual host 'localhost'
Mar 13, 2014 2:23:42 PM org.apache.catalina.core.ApplicationContext log
INFO: Manager: install: Installing context configuration at 'file:/var/folders/1x/zplbjwkn4q187ljm9x5jqk900000gq/T/context3178901610199583266.xml'
Mar 13, 2014 2:23:44 PM org.apache.catalina.core.ApplicationContext log
INFO: Manager: start: Starting web application '/rbl3'
Mar 13, 2014 2:24:42 PM org.apache.catalina.core.ApplicationContext log
INFO: Manager: list: Listing contexts for virtual host 'localhost'
Mar 13, 2014 2:26:55 PM org.apache.catalina.core.ApplicationContext log
INFO: Manager: list: Listing contexts for virtual host 'localhost'
Mar 13, 2014 2:26:55 PM org.apache.catalina.core.ApplicationContext log
INFO: Manager: undeploy: Undeploying web application at '/rbl3'
Mar 13, 2014 2:27:02 PM org.apache.catalina.core.ApplicationContext log
INFO: Manager: list: Listing contexts for virtual host 'localhost'
Mar 13, 2014 2:27:02 PM org.apache.catalina.core.ApplicationContext log
INFO: Manager: list: Listing contexts for virtual host 'localhost'
Mar 13, 2014 2:27:02 PM org.apache.catalina.core.ApplicationContext log
INFO: Manager: install: Installing context configuration at 'file:/var/folders/1x/zplbjwkn4q187ljm9x5jqk900000gq/T/context1395751967033468436.xml'
Mar 13, 2014 2:27:04 PM org.apache.catalina.core.ApplicationContext log
INFO: Manager: start: Starting web application '/rbl3'
Mar 13, 2014 2:28:09 PM org.apache.catalina.core.ApplicationContext log
INFO: Manager: list: Listing contexts for virtual host 'localhost'
Mar 13, 2014 2:28:09 PM org.apache.catalina.core.ApplicationContext log
INFO: Manager: restart: Reloading web application '/rbl3'
Mar 13, 2014 2:28:13 PM org.apache.catalina.core.ApplicationContext log
INFO: Manager: list: Listing contexts for virtual host 'localhost'
Mar 13, 2014 2:28:13 PM org.apache.catalina.core.ApplicationContext log
INFO: Manager: undeploy: Undeploying web application at '/rbl3'
Mar 13, 2014 2:28:22 PM org.apache.catalina.core.ApplicationContext log
INFO: Manager: list: Listing contexts for virtual host 'localhost'
Mar 13, 2014 2:28:22 PM org.apache.catalina.core.ApplicationContext log
INFO: Manager: list: Listing contexts for virtual host 'localhost'
Mar 13, 2014 2:28:22 PM org.apache.catalina.core.ApplicationContext log
INFO: Manager: install: Installing context configuration at 'file:/var/folders/1x/zplbjwkn4q187ljm9x5jqk900000gq/T/context6046025018069319817.xml'
Mar 13, 2014 2:28:24 PM org.apache.catalina.core.ApplicationContext log
INFO: Manager: start: Starting web application '/rbl3'
Mar 13, 2014 2:28:51 PM org.apache.catalina.core.ApplicationContext log
INFO: Manager: list: Listing contexts for virtual host 'localhost'
Mar 13, 2014 2:28:51 PM org.apache.catalina.core.ApplicationContext log
INFO: Manager: undeploy: Undeploying web application at '/rbl3'
Mar 13, 2014 2:30:42 PM org.apache.catalina.core.ApplicationContext log
INFO: Manager: list: Listing contexts for virtual host 'localhost'
Mar 13, 2014 2:39:07 PM org.apache.catalina.core.ApplicationContext log
INFO: Manager: list: Listing contexts for virtual host 'localhost'
